<?xml version="1.0" encoding="UTF-8"?>
<testng-results ignored="0" total="3" passed="3" failed="0" skipped="0">
  <reporter-output>
  </reporter-output>
  <suite started-at="2025-08-06T16:49:46 IST" name="Default suite" finished-at="2025-08-06T16:49:49 IST" duration-ms="3475">
    <groups>
    </groups>
    <test started-at="2025-08-06T16:49:46 IST" name="Default test" finished-at="2025-08-06T16:49:49 IST" duration-ms="3475">
      <class name="com.qa.api.gorest.tests.CreateUserTest">
        <test-method is-config="true" signature="setup()[pri:0, instance:com.qa.api.gorest.tests.CreateUserTest@1c93084c]" started-at="2025-08-06T16:49:46 IST" name="setup" finished-at="2025-08-06T16:49:46 IST" duration-ms="298" status="PASS">
          <reporter-output>
          </reporter-output>
        </test-method> <!-- setup -->
        <test-method signature="createUserTest()[pri:0, instance:com.qa.api.gorest.tests.CreateUserTest@1c93084c]" started-at="2025-08-06T16:49:46 IST" name="createUserTest" finished-at="2025-08-06T16:49:48 IST" duration-ms="1455" status="PASS">
          <reporter-output>
          </reporter-output>
        </test-method> <!-- createUserTest -->
        <test-method signature="createUserWithJsonTest()[pri:0, instance:com.qa.api.gorest.tests.CreateUserTest@1c93084c]" started-at="2025-08-06T16:49:48 IST" name="createUserWithJsonTest" finished-at="2025-08-06T16:49:49 IST" duration-ms="1035" status="PASS">
          <reporter-output>
          </reporter-output>
        </test-method> <!-- createUserWithJsonTest -->
        <test-method signature="createUserWithStringTest()[pri:0, instance:com.qa.api.gorest.tests.CreateUserTest@1c93084c]" started-at="2025-08-06T16:49:49 IST" name="createUserWithStringTest" finished-at="2025-08-06T16:49:49 IST" duration-ms="667" status="PASS">
          <reporter-output>
          </reporter-output>
        </test-method> <!-- createUserWithStringTest -->
      </class> <!-- com.qa.api.gorest.tests.CreateUserTest -->
    </test> <!-- Default test -->
  </suite> <!-- Default suite -->
</testng-results>
