<?xml version="1.0" encoding="UTF-8"?>
<!-- Generated by org.testng.reporters.JUnitXMLReporter -->
<testsuite ignored="0" hostname="Ashutoshs-MacBook-Air.local" failures="0" tests="3" name="Default test" time="3.628" errors="0" timestamp="2025-08-06T20:47:39 IST">
  <testcase classname="com.qa.api.gorest.tests.GetUserTest" name="getAllUsersTest" time="1.12"/>
  <testcase classname="com.qa.api.gorest.tests.GetUserTest" name="getAllUsersWithQueryParamTest" time="1.008"/>
  <testcase classname="com.qa.api.gorest.tests.GetUserTest" name="getSingleUsersTest" time="1.251"/>
</testsuite> <!-- Default test -->
