<?xml version="1.0" encoding="UTF-8"?>
<!-- Generated by org.testng.reporters.JUnitXMLReporter -->
<testsuite ignored="0" hostname="Ashutoshs-MacBook-Air.local" failures="0" tests="3" name="Default test" time="3.475" errors="0" timestamp="2025-08-06T16:49:49 IST">
  <testcase classname="com.qa.api.gorest.tests.CreateUserTest" name="createUserTest" time="1.455"/>
  <testcase classname="com.qa.api.gorest.tests.CreateUserTest" name="createUserWithJsonTest" time="1.035"/>
  <testcase classname="com.qa.api.gorest.tests.CreateUserTest" name="createUserWithStringTest" time="0.667"/>
</testsuite> <!-- Default test -->
