<?xml version="1.0" encoding="UTF-8"?>
<testng-results ignored="0" total="3" passed="3" failed="0" skipped="0">
  <reporter-output>
  </reporter-output>
  <suite started-at="2025-08-06T20:47:35 IST" name="Default suite" finished-at="2025-08-06T20:47:39 IST" duration-ms="3628">
    <groups>
    </groups>
    <test started-at="2025-08-06T20:47:35 IST" name="Default test" finished-at="2025-08-06T20:47:39 IST" duration-ms="3628">
      <class name="com.qa.api.gorest.tests.GetUserTest">
        <test-method is-config="true" signature="setup()[pri:0, instance:com.qa.api.gorest.tests.GetUserTest@5be6e01c]" started-at="2025-08-06T20:47:35 IST" name="setup" finished-at="2025-08-06T20:47:36 IST" duration-ms="230" status="PASS">
          <reporter-output>
          </reporter-output>
        </test-method> <!-- setup -->
        <test-method signature="getAllUsersTest()[pri:0, instance:com.qa.api.gorest.tests.GetUserTest@5be6e01c]" started-at="2025-08-06T20:47:36 IST" name="getAllUsersTest" finished-at="2025-08-06T20:47:37 IST" duration-ms="1120" status="PASS">
          <reporter-output>
          </reporter-output>
        </test-method> <!-- getAllUsersTest -->
        <test-method signature="getAllUsersWithQueryParamTest()[pri:0, instance:com.qa.api.gorest.tests.GetUserTest@5be6e01c]" started-at="2025-08-06T20:47:37 IST" name="getAllUsersWithQueryParamTest" finished-at="2025-08-06T20:47:38 IST" duration-ms="1008" status="PASS">
          <reporter-output>
          </reporter-output>
        </test-method> <!-- getAllUsersWithQueryParamTest -->
        <test-method signature="getSingleUsersTest()[pri:0, instance:com.qa.api.gorest.tests.GetUserTest@5be6e01c]" started-at="2025-08-06T20:47:38 IST" name="getSingleUsersTest" finished-at="2025-08-06T20:47:39 IST" duration-ms="1251" status="PASS">
          <reporter-output>
          </reporter-output>
        </test-method> <!-- getSingleUsersTest -->
      </class> <!-- com.qa.api.gorest.tests.GetUserTest -->
    </test> <!-- Default test -->
  </suite> <!-- Default suite -->
</testng-results>
